Using pre-set license
Built from '2021.3/staging' branch; Version is '2021.3.1f1 (3b70a0754835) revision 3895456'; Using compiler version '192829333'; Build Type 'Release'
OS: 'Windows 11  (10.0.22000) 64bit Core' Language: 'en' Physical Memory: 16222 MB
BatchMode: 1, IsHumanControllingUs: 0, StartBugReporterOnCrash: 0, Is64bit: 1, IsPro: 1

COMMAND LINE ARGUMENTS:
C:\Program Files\Unity\Hub\Editor\2021.3.1f1\Editor\Unity.exe
-adb2
-batchMode
-noUpm
-name
AssetImportWorker0
-projectPath
C:/Users/ayham/Desktop/final-level-design-master
-logFile
Logs/AssetImportWorker0.log
-srvPort
49777
Successfully changed project path to: C:/Users/ayham/Desktop/final-level-design-master
C:/Users/ayham/Desktop/final-level-design-master
[UnityMemory] Configuration Parameters - Can be set up in boot.config
    "memorysetup-bucket-allocator-granularity=16"
    "memorysetup-bucket-allocator-bucket-count=8"
    "memorysetup-bucket-allocator-block-size=33554432"
    "memorysetup-bucket-allocator-block-count=8"
    "memorysetup-main-allocator-block-size=16777216"
    "memorysetup-thread-allocator-block-size=16777216"
    "memorysetup-gfx-main-allocator-block-size=16777216"
    "memorysetup-gfx-thread-allocator-block-size=16777216"
    "memorysetup-cache-allocator-block-size=4194304"
    "memorysetup-typetree-allocator-block-size=2097152"
    "memorysetup-profiler-bucket-allocator-granularity=16"
    "memorysetup-profiler-bucket-allocator-bucket-count=8"
    "memorysetup-profiler-bucket-allocator-block-size=33554432"
    "memorysetup-profiler-bucket-allocator-block-count=8"
    "memorysetup-profiler-allocator-block-size=16777216"
    "memorysetup-profiler-editor-allocator-block-size=1048576"
    "memorysetup-temp-allocator-size-main=16777216"
    "memorysetup-job-temp-allocator-block-size=2097152"
    "memorysetup-job-temp-allocator-block-size-background=1048576"
    "memorysetup-job-temp-allocator-reduction-small-platforms=262144"
    "memorysetup-temp-allocator-size-background-worker=32768"
    "memorysetup-temp-allocator-size-job-worker=262144"
    "memorysetup-temp-allocator-size-preload-manager=33554432"
    "memorysetup-temp-allocator-size-nav-mesh-worker=65536"
    "memorysetup-temp-allocator-size-audio-worker=65536"
    "memorysetup-temp-allocator-size-cloud-worker=32768"
    "memorysetup-temp-allocator-size-gi-baking-worker=262144"
    "memorysetup-temp-allocator-size-gfx=262144"
Refreshing native plugins compatible for Editor in 43.40 ms, found 2 plugins.
Preloading 0 native plugins for Editor in 0.00 ms.
Initialize engine version: 2021.3.1f1 (3b70a0754835)
[Subsystems] Discovering subsystems at path C:/Program Files/Unity/Hub/Editor/2021.3.1f1/Editor/Data/Resources/UnitySubsystems
[Subsystems] Discovering subsystems at path C:/Users/ayham/Desktop/final-level-design-master/Assets
GfxDevice: creating device client; threaded=0; jobified=0
Direct3D:
    Version:  Direct3D 11.0 [level 11.1]
    Renderer: NVIDIA GeForce RTX 2070 Super (ID=0x1ed1)
    Vendor:   NVIDIA
    VRAM:     8012 MB
    Driver:   30.0.15.1179
Initialize mono
Mono path[0] = 'C:/Program Files/Unity/Hub/Editor/2021.3.1f1/Editor/Data/Managed'
Mono path[1] = 'C:/Program Files/Unity/Hub/Editor/2021.3.1f1/Editor/Data/MonoBleedingEdge/lib/mono/unityjit-win32'
Mono config path = 'C:/Program Files/Unity/Hub/Editor/2021.3.1f1/Editor/Data/MonoBleedingEdge/etc'
Using monoOptions --debugger-agent=transport=dt_socket,embedding=1,server=y,suspend=n,address=127.0.0.1:56380
Begin MonoManager ReloadAssembly
Registering precompiled unity dll's ...
Register platform support module: C:/Program Files/Unity/Hub/Editor/2021.3.1f1/Editor/Data/PlaybackEngines/WindowsStandaloneSupport/UnityEditor.WindowsStandalone.Extensions.dll
Registered in 0.004409 seconds.
Native extension for WindowsStandalone target not found
Refreshing native plugins compatible for Editor in 46.01 ms, found 2 plugins.
Preloading 0 native plugins for Editor in 0.00 ms.
Mono: successfully reloaded assembly
- Completed reload, in  0.835 seconds
Domain Reload Profiling:
	ReloadAssembly (835ms)
		BeginReloadAssembly (91ms)
			ExecutionOrderSort (0ms)
			DisableScriptedObjects (0ms)
			BackupInstance (0ms)
			ReleaseScriptingObjects (0ms)
			CreateAndSetChildDomain (1ms)
		EndReloadAssembly (576ms)
			LoadAssemblies (89ms)
			RebuildTransferFunctionScriptingTraits (0ms)
			SetupTypeCache (149ms)
			ReleaseScriptCaches (0ms)
			RebuildScriptCaches (41ms)
			SetupLoadedEditorAssemblies (321ms)
				LogAssemblyErrors (0ms)
				InitializePlatformSupportModulesInManaged (10ms)
				SetLoadedEditorAssemblies (0ms)
				RefreshPlugins (46ms)
				BeforeProcessingInitializeOnLoad (1ms)
				ProcessInitializeOnLoadAttributes (184ms)
				ProcessInitializeOnLoadMethodAttributes (80ms)
				AfterProcessingInitializeOnLoad (0ms)
				EditorAssembliesLoaded (0ms)
			ExecutionOrderSort2 (0ms)
			AwakeInstancesAfterBackupRestoration (0ms)
Platform modules already initialized, skipping
Registering precompiled user dll's ...
Registered in 0.003329 seconds.
Begin MonoManager ReloadAssembly
Symbol file LoadedFromMemory is not a mono symbol file
Native extension for WindowsStandalone target not found
Refreshing native plugins compatible for Editor in 0.47 ms, found 2 plugins.
Preloading 0 native plugins for Editor in 0.00 ms.
Mono: successfully reloaded assembly
- Completed reload, in  1.211 seconds
Domain Reload Profiling:
	ReloadAssembly (1212ms)
		BeginReloadAssembly (123ms)
			ExecutionOrderSort (0ms)
			DisableScriptedObjects (8ms)
			BackupInstance (0ms)
			ReleaseScriptingObjects (0ms)
			CreateAndSetChildDomain (18ms)
		EndReloadAssembly (944ms)
			LoadAssemblies (92ms)
			RebuildTransferFunctionScriptingTraits (0ms)
			SetupTypeCache (269ms)
			ReleaseScriptCaches (1ms)
			RebuildScriptCaches (90ms)
			SetupLoadedEditorAssemblies (398ms)
				LogAssemblyErrors (0ms)
				InitializePlatformSupportModulesInManaged (7ms)
				SetLoadedEditorAssemblies (1ms)
				RefreshPlugins (1ms)
				BeforeProcessingInitializeOnLoad (72ms)
				ProcessInitializeOnLoadAttributes (276ms)
				ProcessInitializeOnLoadMethodAttributes (35ms)
				AfterProcessingInitializeOnLoad (7ms)
				EditorAssembliesLoaded (0ms)
			ExecutionOrderSort2 (0ms)
			AwakeInstancesAfterBackupRestoration (7ms)
Platform modules already initialized, skipping
========================================================================
Worker process is ready to serve import requests
Launched and connected shader compiler UnityShaderCompiler.exe after 0.08 seconds
Refreshing native plugins compatible for Editor in 0.75 ms, found 2 plugins.
Preloading 0 native plugins for Editor in 0.00 ms.
Unloading 1685 Unused Serialized files (Serialized files now loaded: 0)
Unloading 18 unused Assets / (416.4 KB). Loaded Objects now: 2160.
Memory consumption went from 81.5 MB to 81.1 MB.
Total: 4.268600 ms (FindLiveObjects: 0.181500 ms CreateObjectMapping: 0.102400 ms MarkObjects: 3.367000 ms  DeleteObjects: 0.615800 ms)

AssetImportParameters requested are different than current active one (requested -> active):
  custom:video-decoder-ogg-theora: a1e56fd34408186e4bbccfd4996cb3dc -> 
  custom:container-muxer-webm: aa71ff27fc2769a1b78a27578f13a17b -> 
  custom:container-demuxer-webm: 4f35f7cbe854078d1ac9338744f61a02 -> 
  custom:video-encoder-webm-vp8: eb34c28f22e8b96e1ab97ce403110664 -> 
  custom:video-codec-MediaFoundation-h265: 746d11721c4dcdbdad8f713fa42b33f4 -> 
  custom:audio-encoder-webm-vorbis: bf7c407c2cedff20999df2af8eb42d56 -> 
  custom:framework-win-MediaFoundation: 216162199b28c13a410421893ffa2e32 -> 
  custom:container-demuxer-ogg: 62fdf1f143b41e24485cea50d1cbac27 -> 
  custom:video-decoder-webm-vp8: 9c59270c3fd7afecdb556c50c9e8de78 -> 
  custom:audio-decoder-ogg-vorbis: bf7c407c2cedff20999df2af8eb42d56 -> 
========================================================================
Received Import Request.
  Time since last request: 1486656.980234 seconds.
  path: Assets/Scenes/Title.unity
  artifactKey: Guid(ca2cef9d18ae7944da7a41258be302ad) Importer(815301076,1909f56bfc062723c751e8b465ee728b)
Start importing Assets/Scenes/Title.unity using Guid(ca2cef9d18ae7944da7a41258be302ad) Importer(815301076,1909f56bfc062723c751e8b465ee728b)  -> (artifact id: 'f72d78eb36573c44e88df0c6fd8b3989') in 0.011997 seconds 
========================================================================
Received Prepare
Registering precompiled user dll's ...
Registered in 0.002432 seconds.
Begin MonoManager ReloadAssembly
Symbol file LoadedFromMemory is not a mono symbol file
Native extension for WindowsStandalone target not found
Refreshing native plugins compatible for Editor in 0.88 ms, found 2 plugins.
Preloading 0 native plugins for Editor in 0.00 ms.
Mono: successfully reloaded assembly
- Completed reload, in  0.975 seconds
Domain Reload Profiling:
	ReloadAssembly (976ms)
		BeginReloadAssembly (136ms)
			ExecutionOrderSort (0ms)
			DisableScriptedObjects (8ms)
			BackupInstance (0ms)
			ReleaseScriptingObjects (0ms)
			CreateAndSetChildDomain (30ms)
		EndReloadAssembly (726ms)
			LoadAssemblies (91ms)
			RebuildTransferFunctionScriptingTraits (0ms)
			SetupTypeCache (212ms)
			ReleaseScriptCaches (1ms)
			RebuildScriptCaches (39ms)
			SetupLoadedEditorAssemblies (345ms)
				LogAssemblyErrors (0ms)
				InitializePlatformSupportModulesInManaged (13ms)
				SetLoadedEditorAssemblies (1ms)
				RefreshPlugins (1ms)
				BeforeProcessingInitializeOnLoad (54ms)
				ProcessInitializeOnLoadAttributes (237ms)
				ProcessInitializeOnLoadMethodAttributes (34ms)
				AfterProcessingInitializeOnLoad (5ms)
				EditorAssembliesLoaded (0ms)
			ExecutionOrderSort2 (0ms)
			AwakeInstancesAfterBackupRestoration (6ms)
Platform modules already initialized, skipping
Refreshing native plugins compatible for Editor in 1.30 ms, found 2 plugins.
Preloading 0 native plugins for Editor in 0.00 ms.
Unloading 1660 Unused Serialized files (Serialized files now loaded: 0)
Unloading 11 unused Assets / (417.6 KB). Loaded Objects now: 2163.
Memory consumption went from 79.4 MB to 79.0 MB.
Total: 3.141300 ms (FindLiveObjects: 0.186200 ms CreateObjectMapping: 0.083400 ms MarkObjects: 2.577100 ms  DeleteObjects: 0.292900 ms)

AssetImportParameters requested are different than current active one (requested -> active):
  custom:video-decoder-ogg-theora: a1e56fd34408186e4bbccfd4996cb3dc -> 
  custom:container-muxer-webm: aa71ff27fc2769a1b78a27578f13a17b -> 
  custom:container-demuxer-webm: 4f35f7cbe854078d1ac9338744f61a02 -> 
  custom:video-encoder-webm-vp8: eb34c28f22e8b96e1ab97ce403110664 -> 
  custom:video-codec-MediaFoundation-h265: 746d11721c4dcdbdad8f713fa42b33f4 -> 
  custom:audio-encoder-webm-vorbis: bf7c407c2cedff20999df2af8eb42d56 -> 
  custom:framework-win-MediaFoundation: 216162199b28c13a410421893ffa2e32 -> 
  custom:container-demuxer-ogg: 62fdf1f143b41e24485cea50d1cbac27 -> 
  custom:video-decoder-webm-vp8: 9c59270c3fd7afecdb556c50c9e8de78 -> 
  custom:audio-decoder-ogg-vorbis: bf7c407c2cedff20999df2af8eb42d56 -> 
========================================================================
Received Import Request.
  Time since last request: 536.534754 seconds.
  path: Assets/TextMesh Pro/Resources/Fonts & Materials/LiberationSans SDF.asset
  artifactKey: Guid(8f586378b4e144a9851e7b34d9b748ee) Importer(815301076,1909f56bfc062723c751e8b465ee728b)
Start importing Assets/TextMesh Pro/Resources/Fonts & Materials/LiberationSans SDF.asset using Guid(8f586378b4e144a9851e7b34d9b748ee) Importer(815301076,1909f56bfc062723c751e8b465ee728b)  -> (artifact id: '98b09c6608f06103f96bdb3d043c07a0') in 0.231183 seconds 
========================================================================
Received Import Request.
  Time since last request: 62.312717 seconds.
  path: Assets/Sprites/talloffice.jpg
  artifactKey: Guid(e2fddb720fce9814ca156ed643f5457a) Importer(815301076,1909f56bfc062723c751e8b465ee728b)
Start importing Assets/Sprites/talloffice.jpg using Guid(e2fddb720fce9814ca156ed643f5457a) Importer(815301076,1909f56bfc062723c751e8b465ee728b)  -> (artifact id: '092a37e23d1b96edcf32550e6acbde32') in 0.245951 seconds 
========================================================================
Received Import Request.
  Time since last request: 1.671818 seconds.
  path: Assets/Materials/BrickWall001.mat
  artifactKey: Guid(e77b8d5cfc776f84191b67c2c85f934d) Importer(815301076,1909f56bfc062723c751e8b465ee728b)
Start importing Assets/Materials/BrickWall001.mat using Guid(e77b8d5cfc776f84191b67c2c85f934d) Importer(815301076,1909f56bfc062723c751e8b465ee728b)  -> (artifact id: '45849a64b77ea376e8fb3a3d9c6d5980') in 0.040576 seconds 
========================================================================
Received Import Request.
  Time since last request: 0.000043 seconds.
  path: Assets/Materials/Tile001.mat
  artifactKey: Guid(c78a5c6c820233343af711410a3306b9) Importer(815301076,1909f56bfc062723c751e8b465ee728b)
Start importing Assets/Materials/Tile001.mat using Guid(c78a5c6c820233343af711410a3306b9) Importer(815301076,1909f56bfc062723c751e8b465ee728b)  -> (artifact id: 'd94b658583d93733424c9976f7d5fd35') in 0.030434 seconds 
========================================================================
Received Import Request.
  Time since last request: 4.170628 seconds.
  path: Assets/prefabs/break area.prefab
  artifactKey: Guid(d7f4c2bfa21015b4686218652fa975b6) Importer(815301076,1909f56bfc062723c751e8b465ee728b)
Start importing Assets/prefabs/break area.prefab using Guid(d7f4c2bfa21015b4686218652fa975b6) Importer(815301076,1909f56bfc062723c751e8b465ee728b)  -> (artifact id: '06d822cbe983414755ed53d9307d1729') in 0.039835 seconds 
========================================================================
Received Import Request.
  Time since last request: 0.000036 seconds.
  path: Assets/prefabs/PlayerUnit.prefab
  artifactKey: Guid(ca5af2823a131a64c95e078d44a980b4) Importer(815301076,1909f56bfc062723c751e8b465ee728b)
Start importing Assets/prefabs/PlayerUnit.prefab using Guid(ca5af2823a131a64c95e078d44a980b4) Importer(815301076,1909f56bfc062723c751e8b465ee728b)  -> (artifact id: '6f6170ff6581535cb4f7f0c8f3de6b98') in 0.009495 seconds 
========================================================================
Received Import Request.
  Time since last request: 2.526133 seconds.
  path: Assets/Statuses/HealthStatusData.asset
  artifactKey: Guid(772a61ec8de88f94589e3c88fad75e48) Importer(815301076,1909f56bfc062723c751e8b465ee728b)
Start importing Assets/Statuses/HealthStatusData.asset using Guid(772a61ec8de88f94589e3c88fad75e48) Importer(815301076,1909f56bfc062723c751e8b465ee728b)  -> (artifact id: 'feb9fbac4033a45573541efc625b0d4d') in 0.005683 seconds 
========================================================================
Received Import Request.
  Time since last request: 1.857978 seconds.
  path: Assets/first level/NavMesh-Enemies.asset
  artifactKey: Guid(96d44ecb96e5dde48b0396d090b3f067) Importer(815301076,1909f56bfc062723c751e8b465ee728b)
Start importing Assets/first level/NavMesh-Enemies.asset using Guid(96d44ecb96e5dde48b0396d090b3f067) Importer(815301076,1909f56bfc062723c751e8b465ee728b)  -> (artifact id: '3c8bf3f88ccef428bf4f36d0e721cf94') in 0.005499 seconds 
========================================================================
Received Import Request.
  Time since last request: 3.698251 seconds.
  path: Assets/Sound/Tartarus - Thebel Block - Persona 3.wav
  artifactKey: Guid(688230bcd437bcb49816c710df699862) Importer(815301076,1909f56bfc062723c751e8b465ee728b)
Start importing Assets/Sound/Tartarus - Thebel Block - Persona 3.wav using Guid(688230bcd437bcb49816c710df699862) Importer(815301076,1909f56bfc062723c751e8b465ee728b)  -> (artifact id: 'da591322a39be8677efbaf55904bd4da') in 0.028226 seconds 
========================================================================
Received Import Request.
  Time since last request: 1.634272 seconds.
  path: Assets/textures/BrickWall001 1.png
  artifactKey: Guid(1efd809e6cc1a2748bcca2da494cc6a2) Importer(815301076,1909f56bfc062723c751e8b465ee728b)
Start importing Assets/textures/BrickWall001 1.png using Guid(1efd809e6cc1a2748bcca2da494cc6a2) Importer(815301076,1909f56bfc062723c751e8b465ee728b)  -> (artifact id: '4f168c32610737f5eab8ededac5cdd86') in 0.014806 seconds 
========================================================================
Received Import Request.
  Time since last request: 0.000025 seconds.
  path: Assets/textures/Crate001.jpg
  artifactKey: Guid(6ff056d32b4443e41adbfff99f430de7) Importer(815301076,1909f56bfc062723c751e8b465ee728b)
Start importing Assets/textures/Crate001.jpg using Guid(6ff056d32b4443e41adbfff99f430de7) Importer(815301076,1909f56bfc062723c751e8b465ee728b)  -> (artifact id: '6053f7f3c7a47f3b2258ed147af698fe') in 0.012550 seconds 
========================================================================
Received Import Request.
  Time since last request: 0.000027 seconds.
  path: Assets/textures/Crate001 1.jpg
  artifactKey: Guid(86363a626d027fb408f8f68ed0812346) Importer(815301076,1909f56bfc062723c751e8b465ee728b)
Start importing Assets/textures/Crate001 1.jpg using Guid(86363a626d027fb408f8f68ed0812346) Importer(815301076,1909f56bfc062723c751e8b465ee728b)  -> (artifact id: '59b09b6bbd7e7c16f271bd5e4123360f') in 0.014660 seconds 
========================================================================
Received Import Request.
  Time since last request: 0.000039 seconds.
  path: Assets/textures/Rock001.jpg
  artifactKey: Guid(e0e21370e1bd9a44e9084edf5a8be793) Importer(815301076,1909f56bfc062723c751e8b465ee728b)
Start importing Assets/textures/Rock001.jpg using Guid(e0e21370e1bd9a44e9084edf5a8be793) Importer(815301076,1909f56bfc062723c751e8b465ee728b)  -> (artifact id: '311df7a9573a092cefcf72a0c88fde93') in 0.017396 seconds 
Editor requested this worker to shutdown with reason: Scaling down because of idle timeout
AssetImportWorker is now disconnected from the server
Process exiting
Exiting without the bug reporter. Application will terminate with return code 0